c:\users\bruba\desktop\prz informatyka\semestr 3\programowanie w języku cpp\projekty\projektproblemliszaja\projektproblemliszaja\x64\debug\vc143.pdb
c:\users\bruba\desktop\prz informatyka\semestr 3\programowanie w języku cpp\projekty\projektproblemliszaja\projektproblemliszaja\x64\debug\vc143.idb
c:\users\bruba\desktop\prz informatyka\semestr 3\programowanie w języku cpp\projekty\projektproblemliszaja\projektproblemliszaja\x64\debug\zdrowakomorka.obj
c:\users\bruba\desktop\prz informatyka\semestr 3\programowanie w języku cpp\projekty\projektproblemliszaja\projektproblemliszaja\x64\debug\zakazonakomorka.obj
c:\users\bruba\desktop\prz informatyka\semestr 3\programowanie w języku cpp\projekty\projektproblemliszaja\projektproblemliszaja\x64\debug\main.obj
c:\users\bruba\desktop\prz informatyka\semestr 3\programowanie w języku cpp\projekty\projektproblemliszaja\projektproblemliszaja\x64\debug\plansza.obj
c:\users\bruba\desktop\prz informatyka\semestr 3\programowanie w języku cpp\projekty\projektproblemliszaja\projektproblemliszaja\x64\debug\ochronionakomorka.obj
c:\users\bruba\desktop\prz informatyka\semestr 3\programowanie w języku cpp\projekty\projektproblemliszaja\projektproblemliszaja\x64\debug\komorka.obj
c:\users\bruba\desktop\prz informatyka\semestr 3\programowanie w języku cpp\projekty\projektproblemliszaja\projektproblemliszaja\x64\debug\kolor.obj
c:\users\bruba\desktop\prz informatyka\semestr 3\programowanie w języku cpp\projekty\projektproblemliszaja\projektproblemliszaja\x64\debug\gra.obj
c:\users\bruba\desktop\prz informatyka\semestr 3\programowanie w języku cpp\projekty\projektproblemliszaja\projektproblemliszaja\x64\debug\czas.obj
c:\users\bruba\desktop\prz informatyka\semestr 3\programowanie w języku cpp\projekty\projektproblemliszaja\x64\debug\projektproblemliszaja.exe
c:\users\bruba\desktop\prz informatyka\semestr 3\programowanie w języku cpp\projekty\projektproblemliszaja\projektproblemliszaja\x64\debug\projektproblemliszaja.ilk
c:\users\bruba\desktop\prz informatyka\semestr 3\programowanie w języku cpp\projekty\projektproblemliszaja\x64\debug\projektproblemliszaja.pdb
c:\users\bruba\desktop\prz_informatyka\semestr_3\pwjc++\projekty\projektproblemliszaja\projektproblemliszaja\x64\debug\czas.obj
c:\users\bruba\desktop\prz_informatyka\semestr_3\pwjc++\projekty\projektproblemliszaja\projektproblemliszaja\x64\debug\gra.obj
c:\users\bruba\desktop\prz_informatyka\semestr_3\pwjc++\projekty\projektproblemliszaja\projektproblemliszaja\x64\debug\kolor.obj
c:\users\bruba\desktop\prz_informatyka\semestr_3\pwjc++\projekty\projektproblemliszaja\projektproblemliszaja\x64\debug\komorka.obj
c:\users\bruba\desktop\prz_informatyka\semestr_3\pwjc++\projekty\projektproblemliszaja\projektproblemliszaja\x64\debug\main.obj
c:\users\bruba\desktop\prz_informatyka\semestr_3\pwjc++\projekty\projektproblemliszaja\projektproblemliszaja\x64\debug\ochronionakomorka.obj
c:\users\bruba\desktop\prz_informatyka\semestr_3\pwjc++\projekty\projektproblemliszaja\projektproblemliszaja\x64\debug\plansza.obj
c:\users\bruba\desktop\prz_informatyka\semestr_3\pwjc++\projekty\projektproblemliszaja\projektproblemliszaja\x64\debug\zakazonakomorka.obj
c:\users\bruba\desktop\prz_informatyka\semestr_3\pwjc++\projekty\projektproblemliszaja\projektproblemliszaja\x64\debug\zdrowakomorka.obj
c:\users\bruba\desktop\prz_informatyka\semestr_3\pwjc++\projekty\projektproblemliszaja\projektproblemliszaja\x64\debug\projektproblemliszaja.ilk
c:\users\bruba\desktop\prz_informatyka\semestr_3\pwjc++\projekty\projektproblemliszaja\projektproblemliszaja\x64\debug\vc143.idb
c:\users\bruba\desktop\prz_informatyka\semestr_3\pwjc++\projekty\projektproblemliszaja\projektproblemliszaja\x64\debug\vc143.pdb
c:\users\bruba\desktop\prz_informatyka\semestr_3\pwjc++\projekty\projektproblemliszaja\x64\debug\projektproblemliszaja.pdb
c:\users\bruba\desktop\prz_informatyka\semestr_3\pwjc++\projekty\projektproblemliszaja\x64\debug\projektproblemliszaja.exe
c:\users\bruba\desktop\prz_informatyka\semestr_3\pwjc++\projekty\projektproblemliszaja\projektproblemliszaja\x64\debug\projektp.011f33c7.tlog\cl.command.1.tlog
c:\users\bruba\desktop\prz_informatyka\semestr_3\pwjc++\projekty\projektproblemliszaja\projektproblemliszaja\x64\debug\projektp.011f33c7.tlog\cl.items.tlog
c:\users\bruba\desktop\prz_informatyka\semestr_3\pwjc++\projekty\projektproblemliszaja\projektproblemliszaja\x64\debug\projektp.011f33c7.tlog\cl.read.1.tlog
c:\users\bruba\desktop\prz_informatyka\semestr_3\pwjc++\projekty\projektproblemliszaja\projektproblemliszaja\x64\debug\projektp.011f33c7.tlog\cl.write.1.tlog
c:\users\bruba\desktop\prz_informatyka\semestr_3\pwjc++\projekty\projektproblemliszaja\projektproblemliszaja\x64\debug\projektp.011f33c7.tlog\link.command.1.tlog
c:\users\bruba\desktop\prz_informatyka\semestr_3\pwjc++\projekty\projektproblemliszaja\projektproblemliszaja\x64\debug\projektp.011f33c7.tlog\link.read.1.tlog
c:\users\bruba\desktop\prz_informatyka\semestr_3\pwjc++\projekty\projektproblemliszaja\projektproblemliszaja\x64\debug\projektp.011f33c7.tlog\link.write.1.tlog
